0 info it worked if it ends with ok
1 verbose cli [ '/usr/local/bin/node',
1 verbose cli   '/usr/local/bin/npm',
1 verbose cli   'install',
1 verbose cli   '-g',
1 verbose cli   'ios-deploy' ]
<<<<<<< HEAD
2 info using npm@3.10.8
3 info using node@v4.4.4
4 silly loadCurrentTree Starting
5 silly install loadCurrentTree
6 silly install readGlobalPackageData
7 silly fetchPackageMetaData ios-deploy
8 silly fetchNamedPackageData ios-deploy
9 silly mapToRegistry name ios-deploy
10 silly mapToRegistry using default registry
11 silly mapToRegistry registry https://registry.npmjs.org/
12 silly mapToRegistry data Result {
12 silly mapToRegistry   raw: 'ios-deploy',
12 silly mapToRegistry   scope: null,
12 silly mapToRegistry   escapedName: 'ios-deploy',
12 silly mapToRegistry   name: 'ios-deploy',
12 silly mapToRegistry   rawSpec: '',
12 silly mapToRegistry   spec: 'latest',
12 silly mapToRegistry   type: 'tag' }
13 silly mapToRegistry uri https://registry.npmjs.org/ios-deploy
14 verbose request uri https://registry.npmjs.org/ios-deploy
15 verbose request no auth needed
16 info attempt registry request try #1 at 9:12:10 PM
17 verbose request id 80aeb8ffeb99ddfb
18 verbose etag "5ALDUQ1GLDBEYMDJK8RUMV18V"
19 http request GET https://registry.npmjs.org/ios-deploy
20 http 200 https://registry.npmjs.org/ios-deploy
21 verbose headers { server: 'CouchDB/1.5.0 (Erlang OTP/R16B03)',
21 verbose headers   etag: '"SW3JR55VBSNFBD4VQIGNZ4EM"',
21 verbose headers   'content-type': 'application/json',
21 verbose headers   'content-encoding': 'gzip',
21 verbose headers   'cache-control': 'max-age=300',
21 verbose headers   'content-length': '7182',
21 verbose headers   'accept-ranges': 'bytes',
21 verbose headers   date: 'Fri, 23 Sep 2016 00:12:12 GMT',
21 verbose headers   via: '1.1 varnish',
21 verbose headers   age: '0',
21 verbose headers   connection: 'keep-alive',
21 verbose headers   'x-served-by': 'cache-iad2638-IAD',
21 verbose headers   'x-cache': 'HIT',
21 verbose headers   'x-cache-hits': '1',
21 verbose headers   'x-timer': 'S1474589531.607936,VS0,VE394',
21 verbose headers   vary: 'Accept-Encoding' }
22 silly get cb [ 200,
22 silly get   { server: 'CouchDB/1.5.0 (Erlang OTP/R16B03)',
22 silly get     etag: '"SW3JR55VBSNFBD4VQIGNZ4EM"',
22 silly get     'content-type': 'application/json',
22 silly get     'content-encoding': 'gzip',
22 silly get     'cache-control': 'max-age=300',
22 silly get     'content-length': '7182',
22 silly get     'accept-ranges': 'bytes',
22 silly get     date: 'Fri, 23 Sep 2016 00:12:12 GMT',
22 silly get     via: '1.1 varnish',
22 silly get     age: '0',
22 silly get     connection: 'keep-alive',
22 silly get     'x-served-by': 'cache-iad2638-IAD',
22 silly get     'x-cache': 'HIT',
22 silly get     'x-cache-hits': '1',
22 silly get     'x-timer': 'S1474589531.607936,VS0,VE394',
22 silly get     vary: 'Accept-Encoding' } ]
23 verbose get saving ios-deploy to /Users/jbparra/.npm/registry.npmjs.org/ios-deploy/.cache.json
24 verbose correctMkdir /Users/jbparra/.npm correctMkdir not in flight; initializing
25 silly install normalizeTree
26 silly loadCurrentTree Finishing
27 silly loadIdealTree Starting
28 silly install loadIdealTree
29 silly cloneCurrentTree Starting
30 silly install cloneCurrentTreeToIdealTree
31 silly cloneCurrentTree Finishing
32 silly loadShrinkwrap Starting
33 silly install loadShrinkwrap
34 silly loadShrinkwrap Finishing
35 silly loadAllDepsIntoIdealTree Starting
36 silly install loadAllDepsIntoIdealTree
37 silly resolveWithNewModule ios-deploy@1.9.0 checking installable status
38 silly cache add args [ 'ios-deploy', null ]
39 verbose cache add spec ios-deploy
40 silly cache add parsed spec Result {
40 silly cache add   raw: 'ios-deploy',
40 silly cache add   scope: null,
40 silly cache add   escapedName: 'ios-deploy',
40 silly cache add   name: 'ios-deploy',
40 silly cache add   rawSpec: '',
40 silly cache add   spec: 'latest',
40 silly cache add   type: 'tag' }
41 silly addNamed ios-deploy@latest
42 verbose addNamed "latest" is being treated as a dist-tag for ios-deploy
43 info addNameTag [ 'ios-deploy', 'latest' ]
44 silly mapToRegistry name ios-deploy
45 silly mapToRegistry using default registry
46 silly mapToRegistry registry https://registry.npmjs.org/
47 silly mapToRegistry data Result {
47 silly mapToRegistry   raw: 'ios-deploy',
47 silly mapToRegistry   scope: null,
47 silly mapToRegistry   escapedName: 'ios-deploy',
47 silly mapToRegistry   name: 'ios-deploy',
47 silly mapToRegistry   rawSpec: '',
47 silly mapToRegistry   spec: 'latest',
47 silly mapToRegistry   type: 'tag' }
48 silly mapToRegistry uri https://registry.npmjs.org/ios-deploy
49 verbose addNameTag registry:https://registry.npmjs.org/ios-deploy not in flight; fetching
50 verbose get https://registry.npmjs.org/ios-deploy not expired, no request
51 silly addNameTag next cb for ios-deploy with tag latest
52 silly addNamed ios-deploy@1.9.0
53 verbose addNamed "1.9.0" is a plain semver version for ios-deploy
54 silly mapToRegistry name ios-deploy
55 silly mapToRegistry using default registry
56 silly mapToRegistry registry https://registry.npmjs.org/
57 silly mapToRegistry data Result {
57 silly mapToRegistry   raw: 'ios-deploy',
57 silly mapToRegistry   scope: null,
57 silly mapToRegistry   escapedName: 'ios-deploy',
57 silly mapToRegistry   name: 'ios-deploy',
57 silly mapToRegistry   rawSpec: '',
57 silly mapToRegistry   spec: 'latest',
57 silly mapToRegistry   type: 'tag' }
58 silly mapToRegistry uri https://registry.npmjs.org/ios-deploy
59 verbose addRemoteTarball https://registry.npmjs.org/ios-deploy/-/ios-deploy-1.9.0.tgz not in flight; adding
60 verbose addRemoteTarball [ 'https://registry.npmjs.org/ios-deploy/-/ios-deploy-1.9.0.tgz',
60 verbose addRemoteTarball   '9f065b9dd78143df51c8a740dac974615b950984' ]
61 info retry fetch attempt 1 at 9:12:12 PM
62 info attempt registry request try #1 at 9:12:12 PM
63 http fetch GET https://registry.npmjs.org/ios-deploy/-/ios-deploy-1.9.0.tgz
64 http fetch 200 https://registry.npmjs.org/ios-deploy/-/ios-deploy-1.9.0.tgz
65 silly fetchAndShaCheck shasum 9f065b9dd78143df51c8a740dac974615b950984
66 verbose addTmpTarball /var/folders/ff/gvqlmy5s28l8n6c9pbv6hs900000gn/T/npm-3411-e9abbdf0/registry.npmjs.org/ios-deploy/-/ios-deploy-1.9.0.tgz not in flight; adding
67 verbose addTmpTarball already have metadata; skipping unpack for ios-deploy@1.9.0
68 verbose correctMkdir /Users/jbparra/.npm correctMkdir not in flight; initializing
69 silly cache afterAdd ios-deploy@1.9.0
70 verbose afterAdd /Users/jbparra/.npm/ios-deploy/1.9.0/package/package.json not in flight; writing
71 verbose correctMkdir /Users/jbparra/.npm correctMkdir not in flight; initializing
72 verbose afterAdd /Users/jbparra/.npm/ios-deploy/1.9.0/package/package.json written
73 silly loadAllDepsIntoIdealTree Finishing
74 silly loadIdealTree Finishing
75 silly currentTree lib
75 silly currentTree └── ios-deploy@1.8.6
76 silly idealTree lib
76 silly idealTree └── ios-deploy@1.9.0
77 silly generateActionsToTake Starting
78 silly install generateActionsToTake
79 warn checkPermissions Missing write access to /usr/local/lib/node_modules
80 silly rollbackFailedOptional Starting
81 silly rollbackFailedOptional Finishing
82 silly runTopLevelLifecycles Finishing
83 silly install printInstalled
84 verbose stack Error: EACCES: permission denied, access '/usr/local/lib/node_modules'
84 verbose stack     at Error (native)
85 verbose cwd /Users/jbparra/github/RestoBrc
86 error Darwin 15.6.0
87 error argv "/usr/local/bin/node" "/usr/local/bin/npm" "install" "-g" "ios-deploy"
88 error node v4.4.4
89 error npm  v3.10.8
90 error path /usr/local/lib/node_modules
91 error code EACCES
92 error errno -13
93 error syscall access
94 error Error: EACCES: permission denied, access '/usr/local/lib/node_modules'
94 error     at Error (native)
94 error  { [Error: EACCES: permission denied, access '/usr/local/lib/node_modules']
94 error   errno: -13,
94 error   code: 'EACCES',
94 error   syscall: 'access',
94 error   path: '/usr/local/lib/node_modules' }
95 error Please try running this command again as root/Administrator.
96 verbose exit [ -13, true ]
=======
2 info using npm@2.15.1
3 info using node@v4.4.4
4 verbose install initial load of /usr/local/lib/package.json
5 verbose readDependencies loading dependencies from /usr/local/lib/package.json
6 silly cache add args [ 'ios-deploy', null ]
7 verbose cache add spec ios-deploy
8 silly cache add parsed spec Result {
8 silly cache add   raw: 'ios-deploy',
8 silly cache add   scope: null,
8 silly cache add   name: 'ios-deploy',
8 silly cache add   rawSpec: '',
8 silly cache add   spec: 'latest',
8 silly cache add   type: 'tag' }
9 silly addNamed ios-deploy@latest
10 verbose addNamed "latest" is being treated as a dist-tag for ios-deploy
11 info addNameTag [ 'ios-deploy', 'latest' ]
12 silly mapToRegistry name ios-deploy
13 silly mapToRegistry using default registry
14 silly mapToRegistry registry https://registry.npmjs.org/
15 silly mapToRegistry data Result {
15 silly mapToRegistry   raw: 'ios-deploy',
15 silly mapToRegistry   scope: null,
15 silly mapToRegistry   name: 'ios-deploy',
15 silly mapToRegistry   rawSpec: '',
15 silly mapToRegistry   spec: 'latest',
15 silly mapToRegistry   type: 'tag' }
16 silly mapToRegistry uri https://registry.npmjs.org/ios-deploy
17 verbose addNameTag registry:https://registry.npmjs.org/ios-deploy not in flight; fetching
18 verbose request uri https://registry.npmjs.org/ios-deploy
19 verbose request no auth needed
20 info attempt registry request try #1 at 11:36:01 PM
21 verbose request id f03c6fedef4c3928
22 verbose etag "SW3JR55VBSNFBD4VQIGNZ4EM"
23 http request GET https://registry.npmjs.org/ios-deploy
24 http 304 https://registry.npmjs.org/ios-deploy
25 verbose headers { date: 'Fri, 23 Sep 2016 02:36:01 GMT',
25 verbose headers   via: '1.1 varnish',
25 verbose headers   'cache-control': 'max-age=300',
25 verbose headers   etag: '"SW3JR55VBSNFBD4VQIGNZ4EM"',
25 verbose headers   age: '41',
25 verbose headers   connection: 'keep-alive',
25 verbose headers   'x-served-by': 'cache-gru7124-GRU',
25 verbose headers   'x-cache': 'HIT',
25 verbose headers   'x-cache-hits': '1',
25 verbose headers   'x-timer': 'S1474598161.863071,VS0,VE0',
25 verbose headers   vary: 'Accept-Encoding' }
26 silly get cb [ 304,
26 silly get   { date: 'Fri, 23 Sep 2016 02:36:01 GMT',
26 silly get     via: '1.1 varnish',
26 silly get     'cache-control': 'max-age=300',
26 silly get     etag: '"SW3JR55VBSNFBD4VQIGNZ4EM"',
26 silly get     age: '41',
26 silly get     connection: 'keep-alive',
26 silly get     'x-served-by': 'cache-gru7124-GRU',
26 silly get     'x-cache': 'HIT',
26 silly get     'x-cache-hits': '1',
26 silly get     'x-timer': 'S1474598161.863071,VS0,VE0',
26 silly get     vary: 'Accept-Encoding' } ]
27 verbose etag https://registry.npmjs.org/ios-deploy from cache
28 verbose get saving ios-deploy to /Users/Matth/.npm/registry.npmjs.org/ios-deploy/.cache.json
29 verbose correctMkdir /Users/Matth/.npm correctMkdir not in flight; initializing
30 silly addNameTag next cb for ios-deploy with tag latest
31 silly addNamed ios-deploy@1.9.0
32 verbose addNamed "1.9.0" is a plain semver version for ios-deploy
33 silly cache afterAdd ios-deploy@1.9.0
34 verbose afterAdd /Users/Matth/.npm/ios-deploy/1.9.0/package/package.json not in flight; writing
35 verbose correctMkdir /Users/Matth/.npm correctMkdir not in flight; initializing
36 verbose afterAdd /Users/Matth/.npm/ios-deploy/1.9.0/package/package.json written
37 silly install resolved [ { name: 'ios-deploy',
37 silly install resolved     version: '1.9.0',
37 silly install resolved     os: [ 'darwin' ],
37 silly install resolved     description: 'launch iOS apps iOS devices from the command line (Xcode 7)',
37 silly install resolved     main: 'ios-deploy',
37 silly install resolved     scripts:
37 silly install resolved      { preinstall: './src/scripts/check_reqs.js && xcodebuild',
37 silly install resolved        test: 'npm run pycompile && npm run jshint && xcodebuild -target ios-deploy-lib && xcodebuild test -scheme ios-deploy-tests',
37 silly install resolved        jshint: 'node node_modules/jshint/bin/jshint src/scripts/*.js',
37 silly install resolved        pycompile: 'python -m py_compile src/scripts/*.py' },
37 silly install resolved     bin: { 'ios-deploy': './build/Release/ios-deploy' },
37 silly install resolved     repository:
37 silly install resolved      { type: 'git',
37 silly install resolved        url: 'git+https://github.com/phonegap/ios-deploy.git' },
37 silly install resolved     devDependencies: { jshint: '2.5.8' },
37 silly install resolved     keywords: [ 'ios-deploy', 'deploy to iOS device' ],
37 silly install resolved     bugs: { url: 'https://github.com/phonegap/ios-deploy/issues' },
37 silly install resolved     author: { name: 'Greg Hughes' },
37 silly install resolved     license: 'GPLv3',
37 silly install resolved     gitHead: '4346b331b703db43aeb3f9281c509042a551f2cc',
37 silly install resolved     homepage: 'https://github.com/phonegap/ios-deploy#readme',
37 silly install resolved     _id: 'ios-deploy@1.9.0',
37 silly install resolved     _shasum: '9f065b9dd78143df51c8a740dac974615b950984',
37 silly install resolved     _from: 'ios-deploy@latest',
37 silly install resolved     _npmVersion: '3.10.3',
37 silly install resolved     _nodeVersion: '6.4.0',
37 silly install resolved     _npmUser: { name: 'shazron', email: 'shazron@gmail.com' },
37 silly install resolved     dist:
37 silly install resolved      { shasum: '9f065b9dd78143df51c8a740dac974615b950984',
37 silly install resolved        tarball: 'https://registry.npmjs.org/ios-deploy/-/ios-deploy-1.9.0.tgz' },
37 silly install resolved     maintainers: [ [Object], [Object], [Object] ],
37 silly install resolved     _npmOperationalInternal:
37 silly install resolved      { host: 'packages-16-east.internal.npmjs.com',
37 silly install resolved        tmp: 'tmp/ios-deploy-1.9.0.tgz_1474020371227_0.9639754295349121' },
37 silly install resolved     directories: {},
37 silly install resolved     _resolved: 'https://registry.npmjs.org/ios-deploy/-/ios-deploy-1.9.0.tgz',
37 silly install resolved     readme: 'ERROR: No README data found!' } ]
38 info install ios-deploy@1.9.0 into /usr/local/lib
39 info installOne ios-deploy@1.9.0
40 verbose installOne of ios-deploy to /usr/local/lib not in flight; installing
41 verbose correctMkdir /Users/Matth/.npm/_locks correctMkdir not in flight; initializing
42 verbose lock using /Users/Matth/.npm/_locks/ios-deploy-198957223cd98201.lock for /usr/local/lib/node_modules/ios-deploy
43 silly install write writing ios-deploy 1.9.0 to /usr/local/lib/node_modules/ios-deploy
44 verbose unbuild lib/node_modules/ios-deploy
45 silly gentlyRm /usr/local/lib/node_modules/ios-deploy is being purged from base /usr/local
46 verbose gentlyRm don't care about contents; nuking /usr/local/lib/node_modules/ios-deploy
47 verbose tar unpack /Users/Matth/.npm/ios-deploy/1.9.0/package.tgz
48 verbose tar unpacking to /usr/local/lib/node_modules/ios-deploy
49 silly gentlyRm /usr/local/lib/node_modules/ios-deploy is being purged
50 verbose gentlyRm don't care about contents; nuking /usr/local/lib/node_modules/ios-deploy
51 silly gunzTarPerm modes [ '755', '644' ]
52 silly gunzTarPerm extractEntry package.json
53 silly gunzTarPerm extractEntry .npmignore
54 silly gunzTarPerm extractEntry README.md
55 silly gunzTarPerm extractEntry LICENSE
56 silly gunzTarPerm extractEntry demo/.npmignore
57 silly gunzTarPerm extractEntry demo/Entitlements.plist
58 silly gunzTarPerm extractEntry demo/Info.plist
59 silly gunzTarPerm extractEntry demo/Makefile
60 silly gunzTarPerm extractEntry demo/ResourceRules.plist
61 silly gunzTarPerm extractEntry demo/demo.c
62 silly gunzTarPerm extractEntry ios-deploy.xcodeproj/project.pbxproj
63 silly gunzTarPerm extractEntry ios-deploy.xcodeproj/project.xcworkspace/contents.xcworkspacedata
64 silly gunzTarPerm extractEntry ios-deploy.xcodeproj/project.xcworkspace/xcuserdata/shazron.xcuserdatad/UserInterfaceState.xcuserstate
65 silly gunzTarPerm extractEntry ios-deploy.xcodeproj/xcshareddata/xcschemes/ios-deploy-tests.xcscheme
66 silly gunzTarPerm extractEntry ios-deploy.xcodeproj/xcuserdata/shazron.xcuserdatad/xcschemes/ios-deploy-lib.xcscheme
67 silly gunzTarPerm extractEntry ios-deploy.xcodeproj/xcuserdata/shazron.xcuserdatad/xcschemes/ios-deploy.xcscheme
68 silly gunzTarPerm extractEntry ios-deploy.xcodeproj/xcuserdata/shazron.xcuserdatad/xcschemes/xcschememanagement.plist
69 silly gunzTarPerm extractEntry CONTRIBUTING.md
70 silly gunzTarPerm extractEntry src/ios-deploy/MobileDevice.h
71 silly gunzTarPerm extractEntry src/ios-deploy/errors.h
72 silly gunzTarPerm extractEntry src/ios-deploy/ios-deploy.m
73 silly gunzTarPerm extractEntry src/ios-deploy/version.h
74 silly gunzTarPerm extractEntry src/ios-deploy-lib/libios_deploy.h
75 silly gunzTarPerm extractEntry src/ios-deploy-lib/libios_deploy.m
76 silly gunzTarPerm extractEntry src/ios-deploy-tests/Info.plist
77 silly gunzTarPerm extractEntry src/ios-deploy-tests/ios_deploy_tests.m
78 silly gunzTarPerm extractEntry src/scripts/check_reqs.js
79 silly gunzTarPerm extractEntry src/scripts/lldb.py
80 verbose write writing to /usr/local/lib/node_modules/ios-deploy/package.json
81 info preinstall ios-deploy@1.9.0
82 verbose unsafe-perm in lifecycle false
83 info ios-deploy@1.9.0 Failed to exec preinstall script
84 verbose unlock done using /Users/Matth/.npm/_locks/ios-deploy-198957223cd98201.lock for /usr/local/lib/node_modules/ios-deploy
85 verbose stack Error: ios-deploy@1.9.0 preinstall: `./src/scripts/check_reqs.js && xcodebuild`
85 verbose stack Exit status 134
85 verbose stack     at EventEmitter.<anonymous> (/usr/local/lib/node_modules/npm/lib/utils/lifecycle.js:217:16)
85 verbose stack     at emitTwo (events.js:87:13)
85 verbose stack     at EventEmitter.emit (events.js:172:7)
85 verbose stack     at ChildProcess.<anonymous> (/usr/local/lib/node_modules/npm/lib/utils/spawn.js:24:14)
85 verbose stack     at emitTwo (events.js:87:13)
85 verbose stack     at ChildProcess.emit (events.js:172:7)
85 verbose stack     at maybeClose (internal/child_process.js:827:16)
85 verbose stack     at Process.ChildProcess._handle.onexit (internal/child_process.js:211:5)
86 verbose pkgid ios-deploy@1.9.0
87 verbose cwd /Users/Matth/Documents/IonicProjects/RestoBrc
88 error Darwin 15.6.0
89 error argv "/usr/local/bin/node" "/usr/local/bin/npm" "install" "-g" "ios-deploy"
90 error node v4.4.4
91 error npm  v2.15.1
92 error code ELIFECYCLE
93 error ios-deploy@1.9.0 preinstall: `./src/scripts/check_reqs.js && xcodebuild`
93 error Exit status 134
94 error Failed at the ios-deploy@1.9.0 preinstall script './src/scripts/check_reqs.js && xcodebuild'.
94 error This is most likely a problem with the ios-deploy package,
94 error not with npm itself.
94 error Tell the author that this fails on your system:
94 error     ./src/scripts/check_reqs.js && xcodebuild
94 error You can get information on how to open an issue for this project with:
94 error     npm bugs ios-deploy
94 error Or if that isn't available, you can get their info via:
94 error
94 error     npm owner ls ios-deploy
94 error There is likely additional logging output above.
95 verbose exit [ 1, true ]
96 verbose unbuild lib/node_modules/ios-deploy
97 info preuninstall ios-deploy@1.9.0
98 info uninstall ios-deploy@1.9.0
99 verbose unbuild rmStuff ios-deploy@1.9.0 from /usr/local/lib/node_modules
100 silly gentlyRm /usr/local/bin/ios-deploy is being gently removed
101 silly gentlyRm verifying /usr/local is an npm working directory
102 silly gentlyRm containing path /usr/local is under npm's control, in /usr/local
103 silly gentlyRm deletion target /usr/local/bin/ios-deploy is under /usr/local
104 verbose gentlyRm vacuuming from /usr/local/bin/ios-deploy up to /usr/local
105 info postuninstall ios-deploy@1.9.0
106 silly gentlyRm /usr/local/lib/node_modules/ios-deploy is being purged from base /usr/local
107 verbose gentlyRm don't care about contents; nuking /usr/local/lib/node_modules/ios-deploy
108 silly vacuum-fs purging /usr/local/lib/node_modules/ios-deploy
109 silly vacuum-fs quitting because other entries in /usr/local/lib/node_modules
>>>>>>> cb613cd93f9541aecd78fdff158cd3be0b502ec4
